This is pdfTeX, Version 3.14159265-2.6-1.40.17 (TeX Live 2016/W32TeX) (preloaded format=pdflatex 2017.5.20)  3 JUN 2018 17:00
entering extended mode
 restricted \write18 enabled.
 %&-line parsing enabled.
**"./CAD paper D0.tex"
(./CAD paper D0.tex
LaTeX2e <2016/03/31>
Babel <3.9r> and hyphenation patterns for 83 language(s) loaded.
(d:/Program Files/texlive/2016/texmf-dist/tex/latex/base/article.cls
Document Class: article 2014/09/29 v1.4h Standard LaTeX document class
(d:/Program Files/texlive/2016/texmf-dist/tex/latex/base/size11.clo
File: size11.clo 2014/09/29 v1.4h Standard LaTeX file (size option)
)
\c@part=\count79
\c@section=\count80
\c@subsection=\count81
\c@subsubsection=\count82
\c@paragraph=\count83
\c@subparagraph=\count84
\c@figure=\count85
\c@table=\count86
\abovecaptionskip=\skip41
\belowcaptionskip=\skip42
\bibindent=\dimen102
)
(d:/Program Files/texlive/2016/texmf-dist/tex/latex/graphics/graphics.sty
Package: graphics 2016/05/09 v1.0r Standard LaTeX Graphics (DPC,SPQR)

(d:/Program Files/texlive/2016/texmf-dist/tex/latex/graphics/trig.sty
Package: trig 2016/01/03 v1.10 sin cos tan (DPC)
)
(d:/Program Files/texlive/2016/texmf-dist/tex/latex/graphics-cfg/graphics.cfg
File: graphics.cfg 2016/01/02 v1.10 sample graphics configuration
)
Package graphics Info: Driver file: pdftex.def on input line 96.

(d:/Program Files/texlive/2016/texmf-dist/tex/latex/pdftex-def/pdftex.def
File: pdftex.def 2011/05/27 v0.06d Graphics/color for pdfTeX

(d:/Program Files/texlive/2016/texmf-dist/tex/generic/oberdiek/infwarerr.sty
Package: infwarerr 2016/05/16 v1.4 Providing info/warning/error messages (HO)
)
(d:/Program Files/texlive/2016/texmf-dist/tex/generic/oberdiek/ltxcmds.sty
Package: ltxcmds 2016/05/16 v1.23 LaTeX kernel commands for general use (HO)
)
\Gread@gobject=\count87
))
(d:/Program Files/texlive/2016/texmf-dist/tex/latex/subfigure/subfigure.sty
Package: subfigure 2002/03/15 v2.1.5 subfigure package
\subfigtopskip=\skip43
\subfigcapskip=\skip44
\subfigcaptopadj=\dimen103
\subfigbottomskip=\skip45
\subfigcapmargin=\dimen104
\subfiglabelskip=\skip46
\c@subfigure=\count88
\c@lofdepth=\count89
\c@subtable=\count90
\c@lotdepth=\count91

****************************************
* Local config file subfigure.cfg used *
****************************************
(d:/Program Files/texlive/2016/texmf-dist/tex/latex/subfigure/subfigure.cfg)
\subfig@top=\skip47
\subfig@bottom=\skip48
)
(d:/Program Files/texlive/2016/texmf-dist/tex/latex/graphics/epsfig.sty
Package: epsfig 1999/02/16 v1.7a (e)psfig emulation (SPQR)

(d:/Program Files/texlive/2016/texmf-dist/tex/latex/graphics/graphicx.sty
Package: graphicx 2014/10/28 v1.0g Enhanced LaTeX Graphics (DPC,SPQR)

(d:/Program Files/texlive/2016/texmf-dist/tex/latex/graphics/keyval.sty
Package: keyval 2014/10/28 v1.15 key=value parser (DPC)
\KV@toks@=\toks14
)
\Gin@req@height=\dimen105
\Gin@req@width=\dimen106
)
\epsfxsize=\dimen107
\epsfysize=\dimen108
)
(d:/Program Files/texlive/2016/texmf-dist/tex/latex/float/float.sty
Package: float 2001/11/08 v1.3d Float enhancements (AL)
\c@float@type=\count92
\float@exts=\toks15
\float@box=\box26
\@float@everytoks=\toks16
\@floatcapt=\box27
)
(d:/Program Files/texlive/2016/texmf-dist/tex/latex/oberdiek/pdflscape.sty
Package: pdflscape 2016/05/14 v0.11 Display of landscape pages in PDF (HO)

(d:/Program Files/texlive/2016/texmf-dist/tex/latex/graphics/lscape.sty
Package: lscape 2000/10/22 v3.01 Landscape Pages (DPC)
)
(d:/Program Files/texlive/2016/texmf-dist/tex/generic/oberdiek/ifpdf.sty
Package: ifpdf 2016/05/14 v3.1 Provides the ifpdf switch
)
Package pdflscape Info: Auto-detected driver: pdftex on input line 81.

(d:/Program Files/texlive/2016/texmf-dist/tex/generic/ifxetex/ifxetex.sty
Package: ifxetex 2010/09/12 v0.6 Provides ifxetex conditional
))
(d:/Program Files/texlive/2016/texmf-dist/tex/latex/booktabs/booktabs.sty
Package: booktabs 2016/04/27 v1.618033 publication quality tables
\heavyrulewidth=\dimen109
\lightrulewidth=\dimen110
\cmidrulewidth=\dimen111
\belowrulesep=\dimen112
\belowbottomsep=\dimen113
\aboverulesep=\dimen114
\abovetopsep=\dimen115
\cmidrulesep=\dimen116
\cmidrulekern=\dimen117
\defaultaddspace=\dimen118
\@cmidla=\count93
\@cmidlb=\count94
\@aboverulesep=\dimen119
\@belowrulesep=\dimen120
\@thisruleclass=\count95
\@lastruleclass=\count96
\@thisrulewidth=\dimen121
)
(d:/Program Files/texlive/2016/texmf-dist/tex/latex/tools/array.sty
Package: array 2014/10/28 v2.4c Tabular extension package (FMi)
\col@sep=\dimen122
\extrarowheight=\dimen123
\NC@list=\toks17
\extratabsurround=\skip49
\backup@length=\skip50
)
(d:/Program Files/texlive/2016/texmf-dist/tex/latex/cleveref/cleveref.sty
Package: cleveref 2013/12/28 v0.19 Intelligent cross-referencing
)
(d:/Program Files/texlive/2016/texmf-dist/tex/latex/appendix/appendix.sty
Package: appendix 2009/09/02 v1.2b extra appendix facilities
\c@@pps=\count97
\c@@ppsavesec=\count98
\c@@ppsaveapp=\count99
)
(d:/Program Files/texlive/2016/texmf-dist/tex/latex/amsmath/amsmath.sty
Package: amsmath 2016/03/10 v2.15b AMS math features
\@mathmargin=\skip51

For additional information on amsmath, use the `?' option.
(d:/Program Files/texlive/2016/texmf-dist/tex/latex/amsmath/amstext.sty
Package: amstext 2000/06/29 v2.01 AMS text

(d:/Program Files/texlive/2016/texmf-dist/tex/latex/amsmath/amsgen.sty
File: amsgen.sty 1999/11/30 v2.0 generic functions
\@emptytoks=\toks18
\ex@=\dimen124
))
(d:/Program Files/texlive/2016/texmf-dist/tex/latex/amsmath/amsbsy.sty
Package: amsbsy 1999/11/29 v1.2d Bold Symbols
\pmbraise@=\dimen125
)
(d:/Program Files/texlive/2016/texmf-dist/tex/latex/amsmath/amsopn.sty
Package: amsopn 2016/03/08 v2.02 operator names
)
\inf@bad=\count100
LaTeX Info: Redefining \frac on input line 199.
\uproot@=\count101
\leftroot@=\count102
LaTeX Info: Redefining \overline on input line 297.
\classnum@=\count103
\DOTSCASE@=\count104
LaTeX Info: Redefining \ldots on input line 394.
LaTeX Info: Redefining \dots on input line 397.
LaTeX Info: Redefining \cdots on input line 518.
\Mathstrutbox@=\box28
\strutbox@=\box29
\big@size=\dimen126
LaTeX Font Info:    Redeclaring font encoding OML on input line 634.
LaTeX Font Info:    Redeclaring font encoding OMS on input line 635.
\macc@depth=\count105
\c@MaxMatrixCols=\count106
\dotsspace@=\muskip10
\c@parentequation=\count107
\dspbrk@lvl=\count108
\tag@help=\toks19
\row@=\count109
\column@=\count110
\maxfields@=\count111
\andhelp@=\toks20
\eqnshift@=\dimen127
\alignsep@=\dimen128
\tagshift@=\dimen129
\tagwidth@=\dimen130
\totwidth@=\dimen131
\lineht@=\dimen132
\@envbody=\toks21
\multlinegap=\skip52
\multlinetaggap=\skip53
\mathdisplay@stack=\toks22
LaTeX Info: Redefining \[ on input line 2739.
LaTeX Info: Redefining \] on input line 2740.
)
(d:/Program Files/texlive/2016/texmf-dist/tex/latex/amsfonts/amssymb.sty
Package: amssymb 2013/01/14 v3.01 AMS font symbols

(d:/Program Files/texlive/2016/texmf-dist/tex/latex/amsfonts/amsfonts.sty
Package: amsfonts 2013/01/14 v3.01 Basic AMSFonts support
\symAMSa=\mathgroup4
\symAMSb=\mathgroup5
LaTeX Font Info:    Overwriting math alphabet `\mathfrak' in version `bold'
(Font)                  U/euf/m/n --> U/euf/b/n on input line 106.
))
(d:/Program Files/texlive/2016/texmf-dist/tex/latex/caption/caption.sty
Package: caption 2016/02/21 v3.3-144 Customizing captions (AR)

(d:/Program Files/texlive/2016/texmf-dist/tex/latex/caption/caption3.sty
Package: caption3 2016/02/04 v1.7-139 caption3 kernel (AR)
Package caption3 Info: TeX engine: e-TeX on input line 67.
\captionmargin=\dimen133
\captionmargin@=\dimen134
\captionwidth=\dimen135
\caption@tempdima=\dimen136
\caption@indent=\dimen137
\caption@parindent=\dimen138
\caption@hangindent=\dimen139
)
\c@ContinuedFloat=\count112
Package caption Info: float package is loaded.
Package caption Info: subfigure package is loaded.
)
(d:/Program Files/texlive/2016/texmf-dist/tex/latex/multirow/multirow.sty
\bigstrutjot=\dimen140
)
(d:/Program Files/texlive/2016/texmf-dist/tex/latex/graphics/color.sty
Package: color 2016/05/09 v1.1c Standard LaTeX Color (DPC)

(d:/Program Files/texlive/2016/texmf-dist/tex/latex/graphics-cfg/color.cfg
File: color.cfg 2016/01/02 v1.6 sample color configuration
)
Package color Info: Driver file: pdftex.def on input line 144.
)
(d:/Program Files/texlive/2016/texmf-dist/tex/latex/lineno/lineno.sty
Package: lineno 2005/11/02 line numbers on paragraphs v4.41
\linenopenalty=\count113
\output=\toks23
\linenoprevgraf=\count114
\linenumbersep=\dimen141
\linenumberwidth=\dimen142
\c@linenumber=\count115
\c@pagewiselinenumber=\count116
\c@LN@truepage=\count117
\c@internallinenumber=\count118
\c@internallinenumbers=\count119
\quotelinenumbersep=\dimen143
\bframerule=\dimen144
\bframesep=\dimen145
\bframebox=\box30
LaTeX Info: Redefining \\ on input line 3056.
)
(./CAD paper D0.aux)
\openout1 = `"CAD paper D0.aux"'.

LaTeX Font Info:    Checking defaults for OML/cmm/m/it on input line 34.
LaTeX Font Info:    ... okay on input line 34.
LaTeX Font Info:    Checking defaults for T1/cmr/m/n on input line 34.
LaTeX Font Info:    ... okay on input line 34.
LaTeX Font Info:    Checking defaults for OT1/cmr/m/n on input line 34.
LaTeX Font Info:    ... okay on input line 34.
LaTeX Font Info:    Checking defaults for OMS/cmsy/m/n on input line 34.
LaTeX Font Info:    ... okay on input line 34.
LaTeX Font Info:    Checking defaults for OMX/cmex/m/n on input line 34.
LaTeX Font Info:    ... okay on input line 34.
LaTeX Font Info:    Checking defaults for U/cmr/m/n on input line 34.
LaTeX Font Info:    ... okay on input line 34.

(d:/Program Files/texlive/2016/texmf-dist/tex/context/base/mkii/supp-pdf.mkii
[Loading MPS to PDF converter (version 2006.09.02).]
\scratchcounter=\count120
\scratchdimen=\dimen146
\scratchbox=\box31
\nofMPsegments=\count121
\nofMParguments=\count122
\everyMPshowfont=\toks24
\MPscratchCnt=\count123
\MPscratchDim=\dimen147
\MPnumerator=\count124
\makeMPintoPDFobject=\count125
\everyMPtoPDFconversion=\toks25
) (d:/Program Files/texlive/2016/texmf-dist/tex/generic/oberdiek/pdftexcmds.sty
Package: pdftexcmds 2016/05/10 v0.21 Utility functions of pdfTeX for LuaTeX (HO
)
(d:/Program Files/texlive/2016/texmf-dist/tex/generic/oberdiek/ifluatex.sty
Package: ifluatex 2016/05/16 v1.4 Provides the ifluatex switch (HO)
Package ifluatex Info: LuaTeX not detected.
)
Package pdftexcmds Info: LuaTeX not detected.
Package pdftexcmds Info: \pdf@primitive is available.
Package pdftexcmds Info: \pdf@ifprimitive is available.
Package pdftexcmds Info: \pdfdraftmode found.
)
(d:/Program Files/texlive/2016/texmf-dist/tex/latex/oberdiek/epstopdf-base.sty
Package: epstopdf-base 2016/05/15 v2.6 Base part for package epstopdf

(d:/Program Files/texlive/2016/texmf-dist/tex/latex/oberdiek/grfext.sty
Package: grfext 2016/05/16 v1.2 Manage graphics extensions (HO)

(d:/Program Files/texlive/2016/texmf-dist/tex/generic/oberdiek/kvdefinekeys.sty
Package: kvdefinekeys 2016/05/16 v1.4 Define keys (HO)
)) (d:/Program Files/texlive/2016/texmf-dist/tex/latex/oberdiek/kvoptions.sty
Package: kvoptions 2016/05/16 v3.12 Key value format for package options (HO)

(d:/Program Files/texlive/2016/texmf-dist/tex/generic/oberdiek/kvsetkeys.sty
Package: kvsetkeys 2016/05/16 v1.17 Key value parser (HO)

(d:/Program Files/texlive/2016/texmf-dist/tex/generic/oberdiek/etexcmds.sty
Package: etexcmds 2016/05/16 v1.6 Avoid name clashes with e-TeX commands (HO)
Package etexcmds Info: Could not find \expanded.
(etexcmds)             That can mean that you are not using pdfTeX 1.50 or
(etexcmds)             that some package has redefined \expanded.
(etexcmds)             In the latter case, load this package earlier.
)))
Package grfext Info: Graphics extension search list:
(grfext)             [.png,.pdf,.jpg,.mps,.jpeg,.jbig2,.jb2,.PNG,.PDF,.JPG,.JPE
G,.JBIG2,.JB2,.eps]
(grfext)             \AppendGraphicsExtensions on input line 456.

(d:/Program Files/texlive/2016/texmf-dist/tex/latex/latexconfig/epstopdf-sys.cf
g
File: epstopdf-sys.cfg 2010/07/13 v1.3 Configuration of (r)epstopdf for TeX Liv
e
))
Package caption Info: Begin \AtBeginDocument code.
Package caption Info: End \AtBeginDocument code.
LaTeX Font Info:    Try loading font information for U+msa on input line 49.
 (d:/Program Files/texlive/2016/texmf-dist/tex/latex/amsfonts/umsa.fd
File: umsa.fd 2013/01/14 v3.01 AMS symbols A
)
LaTeX Font Info:    Try loading font information for U+msb on input line 49.

(d:/Program Files/texlive/2016/texmf-dist/tex/latex/amsfonts/umsb.fd
File: umsb.fd 2013/01/14 v3.01 AMS symbols B
)
LaTeX Font Info:    Try loading font information for OMS+cmr on input line 49.

(d:/Program Files/texlive/2016/texmf-dist/tex/latex/base/omscmr.fd
File: omscmr.fd 2014/09/29 v2.5h Standard LaTeX font definitions
)
LaTeX Font Info:    Font shape `OMS/cmr/m/n' in size <8> not available
(Font)              Font shape `OMS/cmsy/m/n' tried instead on input line 49.
LaTeX Font Info:    Font shape `OMS/cmr/m/n' in size <6> not available
(Font)              Font shape `OMS/cmsy/m/n' tried instead on input line 49.
LaTeX Font Info:    Font shape `OMS/cmr/m/n' in size <10.95> not available
(Font)              Font shape `OMS/cmsy/m/n' tried instead on input line 63.
 [1

{d:/Program Files/texlive/2016/texmf-var/fonts/map/pdftex/updmap/pdftex.map}]
<figures/fig1.pdf, id=16, 374.39874pt x 340.27126pt>
File: figures/fig1.pdf Graphic file (type pdf)
 <use figures/fig1.pdf>
Package pdftex.def Info: figures/fig1.pdf used on input line 116.
(pdftex.def)             Requested size: 280.79837pt x 255.2028pt.

<figures/fig2.pdf, id=17, 294.09875pt x 290.08376pt>
File: figures/fig2.pdf Graphic file (type pdf)
 <use figures/fig2.pdf>
Package pdftex.def Info: figures/fig2.pdf used on input line 122.
(pdftex.def)             Requested size: 220.57352pt x 217.56227pt.


LaTeX Warning: `h' float specifier changed to `ht'.

[2 <./figures/fig1.pdf>] <figures/fig3.pdf, id=58, 417.56pt x 411.5375pt>
File: figures/fig3.pdf Graphic file (type pdf)

<use figures/fig3.pdf>
Package pdftex.def Info: figures/fig3.pdf used on input line 144.
(pdftex.def)             Requested size: 313.16922pt x 308.65237pt.


LaTeX Warning: `h' float specifier changed to `ht'.

[3 <./figures/fig2.pdf>] [4 <./figures/fig3.pdf>]
<figures/fig4.pdf, id=147, 562.1pt x 318.18875pt>
File: figures/fig4.pdf Graphic file (type pdf)
 <use figures/fig4.pdf>
Package pdftex.def Info: figures/fig4.pdf used on input line 168.
(pdftex.def)             Requested size: 421.57397pt x 238.64096pt.

[5 <./figures/fig4.pdf>] <figures/fig5.pdf, id=154, 532.99126pt x 404.51125pt>
File: figures/fig5.pdf Graphic file (type pdf)

<use figures/fig5.pdf>
Package pdftex.def Info: figures/fig5.pdf used on input line 197.
(pdftex.def)             Requested size: 266.49498pt x 202.25513pt.
 <figures/fig6.pdf, id=155, 294.09875pt x 290.08376pt>
File: figures/fig6.pdf Graphic file (type pdf)

<use figures/fig6.pdf>
Package pdftex.def Info: figures/fig6.pdf used on input line 203.
(pdftex.def)             Requested size: 147.04901pt x 145.04152pt.

Overfull \hbox (23.29285pt too wide) in paragraph at lines 210--211
\OML/cmm/m/it/10.95 A[]; A[]; :::; A[]$\OT1/cmr/m/n/10.95 , each bounded by the
 line seg-ments de-fined by the points $[]$
 []

[6 <./figures/fig5.pdf> <./figures/fig6.pdf>]
<figures/fig7.pdf, id=248, 453.695pt x 376.40625pt>
File: figures/fig7.pdf Graphic file (type pdf)
 <use figures/fig7.pdf>
Package pdftex.def Info: figures/fig7.pdf used on input line 219.
(pdftex.def)             Requested size: 226.84694pt x 188.20265pt.

<figures/fig8.pdf, id=249, 532.99126pt x 404.51125pt>
File: figures/fig8.pdf Graphic file (type pdf)
 <use figures/fig8.pdf>
Package pdftex.def Info: figures/fig8.pdf used on input line 225.
(pdftex.def)             Requested size: 266.49498pt x 202.25513pt.

[7 <./figures/fig7.pdf> <./figures/fig8.pdf>]
<figures/fig9.pdf, id=321, 562.1pt x 275.0275pt>
File: figures/fig9.pdf Graphic file (type pdf)
 <use figures/fig9.pdf>
Package pdftex.def Info: figures/fig9.pdf used on input line 243.
(pdftex.def)             Requested size: 421.57397pt x 206.27011pt.

[8 <./figures/fig9.pdf>]
<figures/fig10.pdf, id=355, 482.80376pt x 304.13625pt>
File: figures/fig10.pdf Graphic file (type pdf)
 <use figures/fig10.pdf>
Package pdftex.def Info: figures/fig10.pdf used on input line 278.
(pdftex.def)             Requested size: 362.10193pt x 228.10162pt.

<figures/fig10b.pdf, id=356, 388.45125pt x 297.11pt>
File: figures/fig10b.pdf Graphic file (type pdf)
 <use figures/fig10b.pdf>
Package pdftex.def Info: figures/fig10b.pdf used on input line 284.
(pdftex.def)             Requested size: 291.3377pt x 222.83194pt.


LaTeX Warning: `h' float specifier changed to `ht'.

[9 <./figures/fig10.pdf>]
<figures/fig11.pdf, id=362, 438.63875pt x 355.3275pt>
File: figures/fig11.pdf Graphic file (type pdf)
 <use figures/fig11.pdf>
Package pdftex.def Info: figures/fig11.pdf used on input line 298.
(pdftex.def)             Requested size: 328.97824pt x 266.49495pt.


LaTeX Warning: `h' float specifier changed to `ht'.

<figures/fig12.pdf, id=363, 366.36874pt x 290.08376pt>
File: figures/fig12.pdf Graphic file (type pdf)
 <use figures/fig12.pdf>
Package pdftex.def Info: figures/fig12.pdf used on input line 327.
(pdftex.def)             Requested size: 274.77588pt x 217.56227pt.


LaTeX Warning: `h' float specifier changed to `ht'.

[10 <./figures/fig10b.pdf>] [11 <./figures/fig11.pdf>] [12 <./figures/fig12.pdf
>]
Overfull \hbox (8.2467pt too wide) in paragraph at lines 397--397
[] 
 []

[13]

LaTeX Warning: Empty `thebibliography' environment on input line 444.

[14] (./CAD paper D0.aux)

LaTeX Warning: Label(s) may have changed. Rerun to get cross-references right.

 ) 
Here is how much of TeX's memory you used:
 5816 strings out of 493014
 97760 string characters out of 6130549
 175162 words of memory out of 5000000
 9250 multiletter control sequences out of 15000+600000
 14771 words of font info for 56 fonts, out of 8000000 for 9000
 1144 hyphenation exceptions out of 8191
 38i,16n,39p,1169b,323s stack positions out of 5000i,500n,10000p,200000b,80000s
<d:/Program Files/texlive/2016/texmf-dist/fonts/type1/public/amsfonts/cm/cmbx
10.pfb><d:/Program Files/texlive/2016/texmf-dist/fonts/type1/public/amsfonts/cm
/cmbx12.pfb><d:/Program Files/texlive/2016/texmf-dist/fonts/type1/public/amsfon
ts/cm/cmbx8.pfb><d:/Program Files/texlive/2016/texmf-dist/fonts/type1/public/am
sfonts/cm/cmex10.pfb><d:/Program Files/texlive/2016/texmf-dist/fonts/type1/publ
ic/amsfonts/cm/cmmi10.pfb><d:/Program Files/texlive/2016/texmf-dist/fonts/type1
/public/amsfonts/cm/cmmi12.pfb><d:/Program Files/texlive/2016/texmf-dist/fonts/
type1/public/amsfonts/cm/cmmi6.pfb><d:/Program Files/texlive/2016/texmf-dist/fo
nts/type1/public/amsfonts/cm/cmmi8.pfb><d:/Program Files/texlive/2016/texmf-dis
t/fonts/type1/public/amsfonts/cm/cmr10.pfb><d:/Program Files/texlive/2016/texmf
-dist/fonts/type1/public/amsfonts/cm/cmr12.pfb><d:/Program Files/texlive/2016/t
exmf-dist/fonts/type1/public/amsfonts/cm/cmr17.pfb><d:/Program Files/texlive/20
16/texmf-dist/fonts/type1/public/amsfonts/cm/cmr6.pfb><d:/Program Files/texlive
/2016/texmf-dist/fonts/type1/public/amsfonts/cm/cmr8.pfb><d:/Program Files/texl
ive/2016/texmf-dist/fonts/type1/public/amsfonts/cm/cmr9.pfb><d:/Program Files/t
exlive/2016/texmf-dist/fonts/type1/public/amsfonts/cm/cmss8.pfb><d:/Program Fil
es/texlive/2016/texmf-dist/fonts/type1/public/amsfonts/cm/cmsy10.pfb><d:/Progra
m Files/texlive/2016/texmf-dist/fonts/type1/public/amsfonts/cm/cmsy6.pfb><d:/Pr
ogram Files/texlive/2016/texmf-dist/fonts/type1/public/amsfonts/cm/cmsy8.pfb>
Output written on "CAD paper D0.pdf" (14 pages, 371987 bytes).
PDF statistics:
 472 PDF objects out of 1000 (max. 8388607)
 370 compressed objects within 4 object streams
 0 named destinations out of 1000 (max. 500000)
 66 words of extra memory for PDF output out of 10000 (max. 10000000)

